e:\kuliah\semester 5\grafika komputer\kode program-20210921t232901z-001\kode program\grafika komputer dan visualisasi\vs\lesson03\debug\vc142.pdb
e:\kuliah\semester 5\grafika komputer\kode program-20210921t232901z-001\kode program\grafika komputer dan visualisasi\vs\lesson03\debug\vc142.idb
e:\kuliah\semester 5\grafika komputer\kode program-20210921t232901z-001\kode program\grafika komputer dan visualisasi\vs\lesson03\debug\glad.obj
e:\kuliah\semester 5\grafika komputer\kode program-20210921t232901z-001\kode program\grafika komputer dan visualisasi\vs\lesson03\debug\renderengine.obj
e:\kuliah\semester 5\grafika komputer\kode program-20210921t232901z-001\kode program\grafika komputer dan visualisasi\vs\lesson03\debug\demo.obj
e:\`github repo\grafkom\grafkom-2021\vs\lesson03\debug\vc142.pdb
e:\`github repo\grafkom\grafkom-2021\vs\lesson03\debug\vc142.idb
e:\`github repo\grafkom\grafkom-2021\vs\lesson03\debug\glad.obj
e:\`github repo\grafkom\grafkom-2021\vs\lesson03\debug\renderengine.obj
e:\`github repo\grafkom\grafkom-2021\vs\lesson03\debug\demo.obj
e:\kuliah\semester 5\grafika komputer\kode program-20210921t232901z-001\kode program\grafika komputer dan visualisasi\vs\debug\lesson03.exe
e:\kuliah\semester 5\grafika komputer\kode program-20210921t232901z-001\kode program\grafika komputer dan visualisasi\vs\lesson03\debug\lesson03.ilk
e:\kuliah\semester 5\grafika komputer\kode program-20210921t232901z-001\kode program\grafika komputer dan visualisasi\vs\debug\lesson03.pdb
e:\`github repo\grafkom\grafkom-2021\vs\debug\lesson03.exe
e:\`github repo\grafkom\grafkom-2021\vs\lesson03\debug\lesson03.ilk
e:\`github repo\grafkom\grafkom-2021\vs\debug\lesson03.pdb
e:\`github repo\grafkom\grafkom-2021\vs\lesson03\debug\lesson03.tlog\cl.command.1.tlog
e:\`github repo\grafkom\grafkom-2021\vs\lesson03\debug\lesson03.tlog\cl.read.1.tlog
e:\`github repo\grafkom\grafkom-2021\vs\lesson03\debug\lesson03.tlog\cl.write.1.tlog
e:\`github repo\grafkom\grafkom-2021\vs\lesson03\debug\lesson03.tlog\link.command.1.tlog
e:\`github repo\grafkom\grafkom-2021\vs\lesson03\debug\lesson03.tlog\link.read.1.tlog
e:\`github repo\grafkom\grafkom-2021\vs\lesson03\debug\lesson03.tlog\link.write.1.tlog
